<?xml version="1.0" encoding="UTF-8"?>
<!-- Generated by org.testng.reporters.JUnitReportReporter -->
<testsuite hostname="POZMWCOE21986" name="com.wikiahomework.tests.Homework" tests="2" failures="0" timestamp="19 Aug 2014 22:05:09 GMT" time="15.008" errors="0">
  <testcase name="homework2" time="10.252" classname="com.wikiahomework.tests.Homework"/>
  <testcase name="homework1" time="4.756" classname="com.wikiahomework.tests.Homework"/>
</testsuite> <!-- com.wikiahomework.tests.Homework -->
